F:\UIU-CSE\4.CSE SPRING'17\APL\APL PROJECT\GAME\GAME\DEBUG\GAME.OBJ
F:\UIU-CSE\4.CSE SPRING'17\APL\APL PROJECT\GAME\GAME\DEBUG\VC110.PDB
F:\UIU-CSE\4.CSE SPRING'17\APL\APL PROJECT\GAME\DEBUG\GAME.ILK
F:\UIU-CSE\4.CSE SPRING'17\APL\APL PROJECT\GAME\DEBUG\GAME.EXE
F:\UIU-CSE\4.CSE SPRING'17\APL\APL PROJECT\GAME\DEBUG\GAME.PDB
F:\UIU-CSE\4.CSE Spring'17\APL\APL Project\Game\Game\Debug\game.obj
F:\UIU-CSE\4.CSE Spring'17\APL\APL Project\Game\Game\Debug\cl.command.1.tlog
F:\UIU-CSE\4.CSE Spring'17\APL\APL Project\Game\Game\Debug\CL.read.1.tlog
F:\UIU-CSE\4.CSE Spring'17\APL\APL Project\Game\Game\Debug\CL.write.1.tlog
F:\UIU-CSE\4.CSE Spring'17\APL\APL Project\Game\Game\Debug\link-cvtres.read.1.tlog
F:\UIU-CSE\4.CSE Spring'17\APL\APL Project\Game\Game\Debug\link-cvtres.write.1.tlog
F:\UIU-CSE\4.CSE Spring'17\APL\APL Project\Game\Game\Debug\link-rc.read.1.tlog
F:\UIU-CSE\4.CSE Spring'17\APL\APL Project\Game\Game\Debug\link-rc.write.1.tlog
F:\UIU-CSE\4.CSE Spring'17\APL\APL Project\Game\Game\Debug\link.3560-cvtres.read.1.tlog
F:\UIU-CSE\4.CSE Spring'17\APL\APL Project\Game\Game\Debug\link.3560-cvtres.write.1.tlog
F:\UIU-CSE\4.CSE Spring'17\APL\APL Project\Game\Game\Debug\link.3560-rc.read.1.tlog
F:\UIU-CSE\4.CSE Spring'17\APL\APL Project\Game\Game\Debug\link.3560-rc.write.1.tlog
F:\UIU-CSE\4.CSE Spring'17\APL\APL Project\Game\Game\Debug\link.3560.read.1.tlog
F:\UIU-CSE\4.CSE Spring'17\APL\APL Project\Game\Game\Debug\link.3560.write.1.tlog
F:\UIU-CSE\4.CSE Spring'17\APL\APL Project\Game\Game\Debug\link.5500-cvtres.read.1.tlog
F:\UIU-CSE\4.CSE Spring'17\APL\APL Project\Game\Game\Debug\link.5500-cvtres.write.1.tlog
F:\UIU-CSE\4.CSE Spring'17\APL\APL Project\Game\Game\Debug\link.5500-rc.read.1.tlog
F:\UIU-CSE\4.CSE Spring'17\APL\APL Project\Game\Game\Debug\link.5500-rc.write.1.tlog
F:\UIU-CSE\4.CSE Spring'17\APL\APL Project\Game\Game\Debug\link.5500.read.1.tlog
F:\UIU-CSE\4.CSE Spring'17\APL\APL Project\Game\Game\Debug\link.5500.write.1.tlog
F:\UIU-CSE\4.CSE Spring'17\APL\APL Project\Game\Game\Debug\link.7548-cvtres.read.1.tlog
F:\UIU-CSE\4.CSE Spring'17\APL\APL Project\Game\Game\Debug\link.7548-cvtres.write.1.tlog
F:\UIU-CSE\4.CSE Spring'17\APL\APL Project\Game\Game\Debug\link.7548-rc.read.1.tlog
F:\UIU-CSE\4.CSE Spring'17\APL\APL Project\Game\Game\Debug\link.7548-rc.write.1.tlog
F:\UIU-CSE\4.CSE Spring'17\APL\APL Project\Game\Game\Debug\link.7548.read.1.tlog
F:\UIU-CSE\4.CSE Spring'17\APL\APL Project\Game\Game\Debug\link.7548.write.1.tlog
F:\UIU-CSE\4.CSE Spring'17\APL\APL Project\Game\Game\Debug\link.8072-cvtres.read.1.tlog
F:\UIU-CSE\4.CSE Spring'17\APL\APL Project\Game\Game\Debug\link.8072-cvtres.write.1.tlog
F:\UIU-CSE\4.CSE Spring'17\APL\APL Project\Game\Game\Debug\link.8072-rc.read.1.tlog
F:\UIU-CSE\4.CSE Spring'17\APL\APL Project\Game\Game\Debug\link.8072-rc.write.1.tlog
F:\UIU-CSE\4.CSE Spring'17\APL\APL Project\Game\Game\Debug\link.8072.read.1.tlog
F:\UIU-CSE\4.CSE Spring'17\APL\APL Project\Game\Game\Debug\link.8072.write.1.tlog
F:\UIU-CSE\4.CSE Spring'17\APL\APL Project\Game\Game\Debug\link.8780-cvtres.read.1.tlog
F:\UIU-CSE\4.CSE Spring'17\APL\APL Project\Game\Game\Debug\link.8780-cvtres.write.1.tlog
F:\UIU-CSE\4.CSE Spring'17\APL\APL Project\Game\Game\Debug\link.8780-rc.read.1.tlog
F:\UIU-CSE\4.CSE Spring'17\APL\APL Project\Game\Game\Debug\link.8780-rc.write.1.tlog
F:\UIU-CSE\4.CSE Spring'17\APL\APL Project\Game\Game\Debug\link.8780.read.1.tlog
F:\UIU-CSE\4.CSE Spring'17\APL\APL Project\Game\Game\Debug\link.8780.write.1.tlog
F:\UIU-CSE\4.CSE Spring'17\APL\APL Project\Game\Game\Debug\link.command.1.tlog
F:\UIU-CSE\4.CSE Spring'17\APL\APL Project\Game\Game\Debug\link.read.1.tlog
F:\UIU-CSE\4.CSE Spring'17\APL\APL Project\Game\Game\Debug\link.write.1.tlog
F:\UIU-CSE\4.CSE Spring'17\APL\APL Project\Game\Game\Debug\vc110.idb
F:\UIU-CSE\4.CSE Spring'17\APL\APL Project\Game\Game\Debug\vc110.pdb
F:\UIU-CSE\4.CSE Spring'17\APL\APL Project\Game\Debug\Game.pdb
F:\UIU-CSE\4.CSE Spring'17\APL\APL Project\Game\Debug\Game.exe
F:\UIU-CSE\4.CSE Spring'17\APL\APL Project\Game\Debug\Game.ilk
